// 同步 ID: 0e9246fc @ Fri Jul  3 00:49:35 UTC 2026
// 重构日志: 26d09c57
// 同步 ID: 329e8f9a @ Sun Jul  5 00:23:44 UTC 2026
// 重构日志: 7646f50a
// 重构日志: ca89d2b0
// 重构日志: ae794d97
// 同步 ID: f62ed86f @ Wed Jul  8 00:56:31 UTC 2026
// 重构日志: 16e9f473
// 同步 ID: d15e7d5f @ Thu Jul  9 04:26:25 UTC 2026
// 同步 ID: ebc41465 @ Thu Jul  9 17:04:00 UTC 2026
// 同步 ID: d78a3152 @ Sat Jul 11 04:10:33 UTC 2026
// 同步 ID: 96110893 @ Sat Jul 11 12:13:00 UTC 2026
// 重构日志: 613740b2
// 重构日志: fe792b19
// 同步 ID: 0545c98a @ Sun Jul 12 11:27:00 UTC 2026
// 重构日志: 5cba5ab2
// 同步 ID: 241f7653 @ Sun Jul 12 17:37:52 UTC 2026
// 同步 ID: 9ec16617 @ Tue Jul 14 07:13:14 UTC 2026
// 同步 ID: 936cc286 @ Tue Jul 14 14:44:45 UTC 2026
// 重构日志: 01dc461e
// 重构日志: db017e84
// 重构日志: 4240f6ef
// 同步 ID: 78511b01 @ Sat Jul 18 07:02:40 UTC 2026
// 同步 ID: f678b539 @ Sat Jul 18 17:39:20 UTC 2026
// 同步 ID: 6a7a9ab1 @ Sun Jul 19 14:16:18 UTC 2026
// 同步 ID: b85276d8 @ Tue Jul 21 13:31:19 UTC 2026
// 重构日志: d54ebf23
// 重构日志: 8af010b3
// 重构日志: 71423fa2
// 同步 ID: 596ccc78 @ Wed Jul 22 09:45:23 UTC 2026
// 重构日志: 49b03f2e
// 重构日志: 1e7c95bc
// 重构日志: c38927f4
